2026-02-06 11:40:33 INFO  Utils:112 - [Utils] MethodGroupsHelper.collectMethodsByGroup() took 15 ms.
2026-02-06 11:40:33 INFO  Utils:112 - [Utils] MethodGroupsHelper.sortMethods() took 23 ms.
2026-02-06 11:40:33 INFO  Utils:112 - [Utils] MethodGroupsHelper.collectMethodsByGroup() took 0 ms.
2026-02-06 11:40:33 INFO  Utils:112 - [Utils] MethodGroupsHelper.sortMethods() took 0 ms.
2026-02-06 11:40:33 INFO  Utils:112 - [Utils] MethodGroupsHelper.collectMethodsByGroup() took 0 ms.
2026-02-06 11:40:33 INFO  Utils:112 - [Utils] MethodGroupsHelper.sortMethods() took 0 ms.
2026-02-06 11:40:33 INFO  Utils:112 - [Utils] MethodGroupsHelper.collectMethodsByGroup() took 0 ms.
2026-02-06 11:40:33 INFO  Utils:112 - [Utils] MethodGroupsHelper.sortMethods() took 0 ms.
2026-02-06 11:40:33 INFO  Utils:112 - [Utils] MethodGroupsHelper.collectMethodsByGroup() took 0 ms.
2026-02-06 11:40:33 INFO  Utils:112 - [Utils] MethodGroupsHelper.sortMethods() took 0 ms.
2026-02-06 11:40:33 INFO  Utils:112 - [Utils] MethodGroupsHelper.collectMethodsByGroup() took 0 ms.
2026-02-06 11:40:33 INFO  Utils:112 - [Utils] MethodGroupsHelper.sortMethods() took 0 ms.
2026-02-06 11:40:33 INFO  Utils:112 - [Utils] MethodGroupsHelper.collectMethodsByGroup() took 0 ms.
2026-02-06 11:40:33 INFO  Utils:112 - [Utils] MethodGroupsHelper.sortMethods() took 0 ms.
2026-02-06 11:40:33 INFO  Utils:112 - [Utils] MethodGroupsHelper.collectMethodsByGroup() took 0 ms.
2026-02-06 11:40:33 INFO  Utils:112 - [Utils] MethodGroupsHelper.sortMethods() took 0 ms.
2026-02-06 11:40:33 INFO  Utils:112 - [Utils] MethodGroupsHelper.collectMethodsByGroup() took 0 ms.
2026-02-06 11:40:33 INFO  Utils:112 - [Utils] MethodGroupsHelper.sortMethods() took 0 ms.
2026-02-06 11:40:33 INFO  Utils:112 - [Utils] MethodGroupsHelper.collectMethodsByGroup() took 0 ms.
2026-02-06 11:40:33 INFO  Utils:112 - [Utils] MethodGroupsHelper.sortMethods() took 0 ms.
2026-02-06 11:40:33 INFO  Utils:112 - [Utils] MethodGroupsHelper.collectMethodsByGroup() took 0 ms.
2026-02-06 11:40:33 INFO  Utils:112 - [Utils] MethodGroupsHelper.sortMethods() took 0 ms.
2026-02-06 11:40:33 INFO  Utils:112 - [Utils] MethodGroupsHelper.collectMethodsByGroup() took 0 ms.
2026-02-06 11:40:33 INFO  Utils:112 - [Utils] MethodGroupsHelper.sortMethods() took 0 ms.
2026-02-06 11:40:33 INFO  Utils:112 - [Utils] MethodGroupsHelper.collectMethodsByGroup() took 0 ms.
2026-02-06 11:40:33 INFO  Utils:112 - [Utils] MethodGroupsHelper.sortMethods() took 0 ms.
2026-02-06 11:40:33 INFO  Utils:112 - [Utils] MethodGroupsHelper.collectMethodsByGroup() took 0 ms.
2026-02-06 11:40:33 INFO  Utils:112 - [Utils] MethodGroupsHelper.sortMethods() took 0 ms.
2026-02-06 11:40:33 INFO  Utils:112 - [Utils] MethodGroupsHelper.collectMethodsByGroup() took 0 ms.
2026-02-06 11:40:33 INFO  Utils:112 - [Utils] MethodGroupsHelper.sortMethods() took 0 ms.
2026-02-06 11:40:33 INFO  Utils:112 - [Utils] MethodGroupsHelper.collectMethodsByGroup() took 0 ms.
2026-02-06 11:40:33 INFO  Utils:112 - [Utils] MethodGroupsHelper.sortMethods() took 0 ms.
2026-02-06 11:40:33 INFO  Utils:112 - [Utils] MethodGroupsHelper.collectMethodsByGroup() took 0 ms.
2026-02-06 11:40:33 INFO  Utils:112 - [Utils] MethodGroupsHelper.sortMethods() took 0 ms.
2026-02-06 11:40:33 INFO  Utils:112 - [Utils] MethodGroupsHelper.collectMethodsByGroup() took 0 ms.
2026-02-06 11:40:33 INFO  Utils:112 - [Utils] MethodGroupsHelper.sortMethods() took 0 ms.
2026-02-06 11:40:33 INFO  Utils:112 - [Utils] MethodGroupsHelper.collectMethodsByGroup() took 0 ms.
2026-02-06 11:40:33 INFO  Utils:112 - [Utils] MethodGroupsHelper.sortMethods() took 0 ms.
2026-02-06 11:40:33 INFO  Utils:112 - [Utils] MethodGroupsHelper.collectMethodsByGroup() took 0 ms.
2026-02-06 11:40:33 INFO  Utils:112 - [Utils] MethodGroupsHelper.sortMethods() took 0 ms.
2026-02-06 11:40:33 INFO  Utils:112 - [Utils] MethodGroupsHelper.collectMethodsByGroup() took 0 ms.
2026-02-06 11:40:33 INFO  Utils:112 - [Utils] MethodGroupsHelper.sortMethods() took 0 ms.
2026-02-06 11:40:33 INFO  Utils:112 - [Utils] MethodGroupsHelper.collectMethodsByGroup() took 0 ms.
2026-02-06 11:40:33 INFO  Utils:112 - [Utils] MethodGroupsHelper.sortMethods() took 0 ms.
2026-02-06 11:40:34 INFO  Utils:112 - [Utils] MethodGroupsHelper.collectMethodsByGroup() took 0 ms.
2026-02-06 11:40:34 INFO  Utils:112 - [Utils] MethodGroupsHelper.sortMethods() took 0 ms.
2026-02-06 11:40:34 INFO  Utils:112 - [Utils] MethodGroupsHelper.collectMethodsByGroup() took 0 ms.
2026-02-06 11:40:34 INFO  Utils:112 - [Utils] MethodGroupsHelper.sortMethods() took 0 ms.
2026-02-06 11:40:34 INFO  Utils:112 - [Utils] MethodGroupsHelper.collectMethodsByGroup() took 0 ms.
2026-02-06 11:40:34 INFO  Utils:112 - [Utils] MethodGroupsHelper.sortMethods() took 0 ms.
2026-02-06 11:40:34 INFO  Utils:112 - [Utils] MethodGroupsHelper.collectMethodsByGroup() took 0 ms.
2026-02-06 11:40:34 INFO  Utils:112 - [Utils] MethodGroupsHelper.sortMethods() took 0 ms.
2026-02-06 11:40:34 INFO  Utils:112 - [Utils] MethodGroupsHelper.collectMethodsByGroup() took 0 ms.
2026-02-06 11:40:34 INFO  Utils:112 - [Utils] MethodGroupsHelper.sortMethods() took 0 ms.
2026-02-06 11:40:34 INFO  Utils:112 - [Utils] MethodGroupsHelper.collectMethodsByGroup() took 0 ms.
2026-02-06 11:40:34 INFO  Utils:112 - [Utils] MethodGroupsHelper.sortMethods() took 0 ms.
2026-02-06 11:40:34 INFO  Utils:112 - [Utils] MethodGroupsHelper.collectMethodsByGroup() took 0 ms.
2026-02-06 11:40:34 INFO  Utils:112 - [Utils] MethodGroupsHelper.sortMethods() took 0 ms.
2026-02-06 11:40:34 INFO  Utils:112 - [Utils] MethodGroupsHelper.collectMethodsByGroup() took 0 ms.
2026-02-06 11:40:34 INFO  Utils:112 - [Utils] MethodGroupsHelper.sortMethods() took 0 ms.
2026-02-06 11:40:34 INFO  Utils:112 - [Utils] MethodGroupsHelper.collectMethodsByGroup() took 0 ms.
2026-02-06 11:40:34 INFO  Utils:112 - [Utils] MethodGroupsHelper.sortMethods() took 0 ms.
2026-02-06 11:40:34 INFO  Utils:112 - [Utils] MethodGroupsHelper.collectMethodsByGroup() took 0 ms.
2026-02-06 11:40:34 INFO  Utils:112 - [Utils] MethodGroupsHelper.sortMethods() took 0 ms.
2026-02-06 11:40:34 INFO  Utils:112 - [Utils] MethodGroupsHelper.collectMethodsByGroup() took 0 ms.
2026-02-06 11:40:34 INFO  Utils:112 - [Utils] MethodGroupsHelper.sortMethods() took 0 ms.
2026-02-06 11:40:34 INFO  Utils:112 - [Utils] MethodGroupsHelper.collectMethodsByGroup() took 0 ms.
2026-02-06 11:40:34 INFO  Utils:112 - [Utils] MethodGroupsHelper.sortMethods() took 0 ms.
2026-02-06 11:40:34 INFO  Utils:112 - [Utils] MethodGroupsHelper.collectMethodsByGroup() took 0 ms.
2026-02-06 11:40:34 INFO  Utils:112 - [Utils] MethodGroupsHelper.sortMethods() took 0 ms.
2026-02-06 11:40:34 INFO  Utils:112 - [Utils] MethodGroupsHelper.collectMethodsByGroup() took 0 ms.
2026-02-06 11:40:34 INFO  Utils:112 - [Utils] MethodGroupsHelper.sortMethods() took 0 ms.
2026-02-06 11:40:34 INFO  Utils:112 - [Utils] MethodGroupsHelper.collectMethodsByGroup() took 0 ms.
2026-02-06 11:40:34 INFO  Utils:112 - [Utils] MethodGroupsHelper.sortMethods() took 0 ms.
2026-02-06 11:40:34 INFO  Utils:112 - [Utils] MethodGroupsHelper.collectMethodsByGroup() took 0 ms.
2026-02-06 11:40:34 INFO  Utils:112 - [Utils] MethodGroupsHelper.sortMethods() took 0 ms.
2026-02-06 11:40:34 INFO  Utils:112 - [Utils] MethodGroupsHelper.collectMethodsByGroup() took 0 ms.
2026-02-06 11:40:34 INFO  Utils:112 - [Utils] MethodGroupsHelper.sortMethods() took 0 ms.
2026-02-06 11:40:34 INFO  Utils:112 - [Utils] MethodGroupsHelper.collectMethodsByGroup() took 0 ms.
2026-02-06 11:40:34 INFO  Utils:112 - [Utils] MethodGroupsHelper.sortMethods() took 0 ms.
2026-02-06 11:40:34 INFO  Utils:112 - [Utils] MethodGroupsHelper.collectMethodsByGroup() took 0 ms.
2026-02-06 11:40:34 INFO  Utils:112 - [Utils] MethodGroupsHelper.sortMethods() took 0 ms.
2026-02-06 11:40:34 INFO  Utils:112 - [Utils] MethodGroupsHelper.collectMethodsByGroup() took 0 ms.
2026-02-06 11:40:34 INFO  Utils:112 - [Utils] MethodGroupsHelper.sortMethods() took 0 ms.
2026-02-06 11:40:34 INFO  Utils:112 - [Utils] MethodGroupsHelper.collectMethodsByGroup() took 0 ms.
2026-02-06 11:40:34 INFO  Utils:112 - [Utils] MethodGroupsHelper.sortMethods() took 6 ms.
2026-02-06 11:40:34 INFO  Utils:112 - [Utils] MethodGroupsHelper.collectMethodsByGroup() took 0 ms.
2026-02-06 11:40:34 INFO  Utils:112 - [Utils] MethodGroupsHelper.sortMethods() took 0 ms.
2026-02-06 11:40:34 INFO  Utils:112 - [Utils] MethodGroupsHelper.collectMethodsByGroup() took 0 ms.
2026-02-06 11:40:34 INFO  Utils:112 - [Utils] MethodGroupsHelper.sortMethods() took 0 ms.
2026-02-06 11:40:34 INFO  Utils:112 - [TestNG] Running:
  C:\IdeaProjects\Major Project\28-01-2026\Project_Courses\TestNg.xml

2026-02-06 11:40:49 INFO  TC04_searchWebDevelopmentCourseTest:67 - Extent report initialized.
2026-02-06 11:40:49 INFO  Utils:112 - [Utils] DynamicGraphHelper.createDynamicGraph() took 13 ms.
2026-02-06 11:40:49 INFO  TC04_searchWebDevelopmentCourseTest:18 - ******Starting TC04_searchWebDevelopmentCourseTest******
2026-02-06 11:40:50 INFO  TC04_searchWebDevelopmentCourseTest:21 - Entering Web Development in search box
2026-02-06 11:40:50 INFO  TC04_searchWebDevelopmentCourseTest:23 - Clicking on search button
2026-02-06 11:41:32 INFO  TC04_searchWebDevelopmentCourseTest:27 - ******Ending TC04_searchWebDevelopmentCourseTest******
2026-02-06 11:41:33 INFO  TC04_searchWebDevelopmentCourseTest:11 - ******Starting TC10_FilteringCoursesTest******
2026-02-06 11:41:33 INFO  TC04_searchWebDevelopmentCourseTest:13 - Applying English language filter
2026-02-06 11:41:35 INFO  TC04_searchWebDevelopmentCourseTest:17 - Applying Beginner level filter
2026-02-06 11:41:36 INFO  TC04_searchWebDevelopmentCourseTest:20 - Displaying first two courses after applying filters:
2026-02-06 11:41:42 INFO  TC04_searchWebDevelopmentCourseTest:28 - ******Ending TC10_FilteringCoursesTest******
2026-02-06 11:41:42 INFO  TC04_searchWebDevelopmentCourseTest:12 - ******Starting TC16_FilteringCoursesAndWritingCountInExcel******
2026-02-06 11:41:42 INFO  TC04_searchWebDevelopmentCourseTest:14 - Writing language options and their course counts to Excel file
2026-02-06 11:42:01 INFO  TC04_searchWebDevelopmentCourseTest:17 - ******Ending TC16_FilteringCoursesAndWritingCountInExcel******
2026-02-06 11:42:01 INFO  TC04_searchWebDevelopmentCourseTest:13 - ******Starting TC34_submitingEnterpriseWithInvalidMail******
2026-02-06 11:42:01 INFO  TC04_searchWebDevelopmentCourseTest:16 - Filling For Enterprise form with invalid email
2026-02-06 11:42:18 INFO  Utils:112 - [TestNG] Time taken by org.testng.internal.ExitCodeListener@77b27b57: 0 ms
2026-02-06 11:42:53 INFO  Utils:112 - [Utils] MethodGroupsHelper.collectMethodsByGroup() took 9 ms.
2026-02-06 11:42:53 INFO  Utils:112 - [Utils] MethodGroupsHelper.sortMethods() took 10 ms.
2026-02-06 11:42:53 INFO  Utils:112 - [Utils] MethodGroupsHelper.collectMethodsByGroup() took 0 ms.
2026-02-06 11:42:53 INFO  Utils:112 - [Utils] MethodGroupsHelper.sortMethods() took 0 ms.
2026-02-06 11:42:53 INFO  Utils:112 - [Utils] MethodGroupsHelper.collectMethodsByGroup() took 0 ms.
2026-02-06 11:42:53 INFO  Utils:112 - [Utils] MethodGroupsHelper.sortMethods() took 0 ms.
2026-02-06 11:42:53 INFO  Utils:112 - [Utils] MethodGroupsHelper.collectMethodsByGroup() took 0 ms.
2026-02-06 11:42:53 INFO  Utils:112 - [Utils] MethodGroupsHelper.sortMethods() took 0 ms.
2026-02-06 11:42:53 INFO  Utils:112 - [Utils] MethodGroupsHelper.collectMethodsByGroup() took 0 ms.
2026-02-06 11:42:53 INFO  Utils:112 - [Utils] MethodGroupsHelper.sortMethods() took 0 ms.
2026-02-06 11:42:53 INFO  Utils:112 - [Utils] MethodGroupsHelper.collectMethodsByGroup() took 0 ms.
2026-02-06 11:42:53 INFO  Utils:112 - [Utils] MethodGroupsHelper.sortMethods() took 0 ms.
2026-02-06 11:42:53 INFO  Utils:112 - [Utils] MethodGroupsHelper.collectMethodsByGroup() took 0 ms.
2026-02-06 11:42:53 INFO  Utils:112 - [Utils] MethodGroupsHelper.sortMethods() took 0 ms.
2026-02-06 11:42:53 INFO  Utils:112 - [Utils] MethodGroupsHelper.collectMethodsByGroup() took 0 ms.
2026-02-06 11:42:53 INFO  Utils:112 - [Utils] MethodGroupsHelper.sortMethods() took 0 ms.
2026-02-06 11:42:53 INFO  Utils:112 - [Utils] MethodGroupsHelper.collectMethodsByGroup() took 0 ms.
2026-02-06 11:42:53 INFO  Utils:112 - [Utils] MethodGroupsHelper.sortMethods() took 0 ms.
2026-02-06 11:42:53 INFO  Utils:112 - [Utils] MethodGroupsHelper.collectMethodsByGroup() took 0 ms.
2026-02-06 11:42:53 INFO  Utils:112 - [Utils] MethodGroupsHelper.sortMethods() took 0 ms.
2026-02-06 11:42:53 INFO  Utils:112 - [Utils] MethodGroupsHelper.collectMethodsByGroup() took 0 ms.
2026-02-06 11:42:53 INFO  Utils:112 - [Utils] MethodGroupsHelper.sortMethods() took 0 ms.
2026-02-06 11:42:53 INFO  Utils:112 - [Utils] MethodGroupsHelper.collectMethodsByGroup() took 0 ms.
2026-02-06 11:42:53 INFO  Utils:112 - [Utils] MethodGroupsHelper.sortMethods() took 0 ms.
2026-02-06 11:42:53 INFO  Utils:112 - [Utils] MethodGroupsHelper.collectMethodsByGroup() took 0 ms.
2026-02-06 11:42:53 INFO  Utils:112 - [Utils] MethodGroupsHelper.sortMethods() took 0 ms.
2026-02-06 11:42:53 INFO  Utils:112 - [Utils] MethodGroupsHelper.collectMethodsByGroup() took 0 ms.
2026-02-06 11:42:53 INFO  Utils:112 - [Utils] MethodGroupsHelper.sortMethods() took 0 ms.
2026-02-06 11:42:53 INFO  Utils:112 - [Utils] MethodGroupsHelper.collectMethodsByGroup() took 0 ms.
2026-02-06 11:42:53 INFO  Utils:112 - [Utils] MethodGroupsHelper.sortMethods() took 0 ms.
2026-02-06 11:42:53 INFO  Utils:112 - [Utils] MethodGroupsHelper.collectMethodsByGroup() took 0 ms.
2026-02-06 11:42:53 INFO  Utils:112 - [Utils] MethodGroupsHelper.sortMethods() took 0 ms.
2026-02-06 11:42:53 INFO  Utils:112 - [Utils] MethodGroupsHelper.collectMethodsByGroup() took 0 ms.
2026-02-06 11:42:53 INFO  Utils:112 - [Utils] MethodGroupsHelper.sortMethods() took 0 ms.
2026-02-06 11:42:53 INFO  Utils:112 - [Utils] MethodGroupsHelper.collectMethodsByGroup() took 0 ms.
2026-02-06 11:42:53 INFO  Utils:112 - [Utils] MethodGroupsHelper.sortMethods() took 0 ms.
2026-02-06 11:42:53 INFO  Utils:112 - [Utils] MethodGroupsHelper.collectMethodsByGroup() took 0 ms.
2026-02-06 11:42:53 INFO  Utils:112 - [Utils] MethodGroupsHelper.sortMethods() took 0 ms.
2026-02-06 11:42:53 INFO  Utils:112 - [Utils] MethodGroupsHelper.collectMethodsByGroup() took 0 ms.
2026-02-06 11:42:53 INFO  Utils:112 - [Utils] MethodGroupsHelper.sortMethods() took 0 ms.
2026-02-06 11:42:53 INFO  Utils:112 - [Utils] MethodGroupsHelper.collectMethodsByGroup() took 0 ms.
2026-02-06 11:42:53 INFO  Utils:112 - [Utils] MethodGroupsHelper.sortMethods() took 0 ms.
2026-02-06 11:42:53 INFO  Utils:112 - [Utils] MethodGroupsHelper.collectMethodsByGroup() took 0 ms.
2026-02-06 11:42:53 INFO  Utils:112 - [Utils] MethodGroupsHelper.sortMethods() took 0 ms.
2026-02-06 11:42:53 INFO  Utils:112 - [Utils] MethodGroupsHelper.collectMethodsByGroup() took 0 ms.
2026-02-06 11:42:53 INFO  Utils:112 - [Utils] MethodGroupsHelper.sortMethods() took 0 ms.
2026-02-06 11:42:53 INFO  Utils:112 - [Utils] MethodGroupsHelper.collectMethodsByGroup() took 0 ms.
2026-02-06 11:42:53 INFO  Utils:112 - [Utils] MethodGroupsHelper.sortMethods() took 0 ms.
2026-02-06 11:42:53 INFO  Utils:112 - [Utils] MethodGroupsHelper.collectMethodsByGroup() took 0 ms.
2026-02-06 11:42:53 INFO  Utils:112 - [Utils] MethodGroupsHelper.sortMethods() took 0 ms.
2026-02-06 11:42:53 INFO  Utils:112 - [Utils] MethodGroupsHelper.collectMethodsByGroup() took 0 ms.
2026-02-06 11:42:53 INFO  Utils:112 - [Utils] MethodGroupsHelper.sortMethods() took 0 ms.
2026-02-06 11:42:53 INFO  Utils:112 - [Utils] MethodGroupsHelper.collectMethodsByGroup() took 0 ms.
2026-02-06 11:42:53 INFO  Utils:112 - [Utils] MethodGroupsHelper.sortMethods() took 0 ms.
2026-02-06 11:42:53 INFO  Utils:112 - [Utils] MethodGroupsHelper.collectMethodsByGroup() took 0 ms.
2026-02-06 11:42:53 INFO  Utils:112 - [Utils] MethodGroupsHelper.sortMethods() took 0 ms.
2026-02-06 11:42:53 INFO  Utils:112 - [Utils] MethodGroupsHelper.collectMethodsByGroup() took 0 ms.
2026-02-06 11:42:53 INFO  Utils:112 - [Utils] MethodGroupsHelper.sortMethods() took 0 ms.
2026-02-06 11:42:53 INFO  Utils:112 - [Utils] MethodGroupsHelper.collectMethodsByGroup() took 0 ms.
2026-02-06 11:42:53 INFO  Utils:112 - [Utils] MethodGroupsHelper.sortMethods() took 0 ms.
2026-02-06 11:42:53 INFO  Utils:112 - [Utils] MethodGroupsHelper.collectMethodsByGroup() took 0 ms.
2026-02-06 11:42:53 INFO  Utils:112 - [Utils] MethodGroupsHelper.sortMethods() took 0 ms.
2026-02-06 11:42:53 INFO  Utils:112 - [Utils] MethodGroupsHelper.collectMethodsByGroup() took 0 ms.
2026-02-06 11:42:53 INFO  Utils:112 - [Utils] MethodGroupsHelper.sortMethods() took 0 ms.
2026-02-06 11:42:53 INFO  Utils:112 - [Utils] MethodGroupsHelper.collectMethodsByGroup() took 0 ms.
2026-02-06 11:42:53 INFO  Utils:112 - [Utils] MethodGroupsHelper.sortMethods() took 0 ms.
2026-02-06 11:42:53 INFO  Utils:112 - [Utils] MethodGroupsHelper.collectMethodsByGroup() took 0 ms.
2026-02-06 11:42:53 INFO  Utils:112 - [Utils] MethodGroupsHelper.sortMethods() took 0 ms.
2026-02-06 11:42:53 INFO  Utils:112 - [Utils] MethodGroupsHelper.collectMethodsByGroup() took 0 ms.
2026-02-06 11:42:53 INFO  Utils:112 - [Utils] MethodGroupsHelper.sortMethods() took 0 ms.
2026-02-06 11:42:53 INFO  Utils:112 - [Utils] MethodGroupsHelper.collectMethodsByGroup() took 0 ms.
2026-02-06 11:42:53 INFO  Utils:112 - [Utils] MethodGroupsHelper.sortMethods() took 0 ms.
2026-02-06 11:42:53 INFO  Utils:112 - [Utils] MethodGroupsHelper.collectMethodsByGroup() took 0 ms.
2026-02-06 11:42:53 INFO  Utils:112 - [Utils] MethodGroupsHelper.sortMethods() took 0 ms.
2026-02-06 11:42:53 INFO  Utils:112 - [Utils] MethodGroupsHelper.collectMethodsByGroup() took 0 ms.
2026-02-06 11:42:53 INFO  Utils:112 - [Utils] MethodGroupsHelper.sortMethods() took 0 ms.
2026-02-06 11:42:53 INFO  Utils:112 - [Utils] MethodGroupsHelper.collectMethodsByGroup() took 0 ms.
2026-02-06 11:42:53 INFO  Utils:112 - [Utils] MethodGroupsHelper.sortMethods() took 0 ms.
2026-02-06 11:42:53 INFO  Utils:112 - [Utils] MethodGroupsHelper.collectMethodsByGroup() took 0 ms.
2026-02-06 11:42:53 INFO  Utils:112 - [Utils] MethodGroupsHelper.sortMethods() took 0 ms.
2026-02-06 11:42:53 INFO  Utils:112 - [Utils] MethodGroupsHelper.collectMethodsByGroup() took 0 ms.
2026-02-06 11:42:53 INFO  Utils:112 - [Utils] MethodGroupsHelper.sortMethods() took 0 ms.
2026-02-06 11:42:53 INFO  Utils:112 - [Utils] MethodGroupsHelper.collectMethodsByGroup() took 0 ms.
2026-02-06 11:42:53 INFO  Utils:112 - [Utils] MethodGroupsHelper.sortMethods() took 0 ms.
2026-02-06 11:42:53 INFO  Utils:112 - [Utils] MethodGroupsHelper.collectMethodsByGroup() took 0 ms.
2026-02-06 11:42:53 INFO  Utils:112 - [Utils] MethodGroupsHelper.sortMethods() took 6 ms.
2026-02-06 11:42:53 INFO  Utils:112 - [Utils] MethodGroupsHelper.collectMethodsByGroup() took 0 ms.
2026-02-06 11:42:53 INFO  Utils:112 - [Utils] MethodGroupsHelper.sortMethods() took 0 ms.
2026-02-06 11:42:53 INFO  Utils:112 - [Utils] MethodGroupsHelper.collectMethodsByGroup() took 2 ms.
2026-02-06 11:42:53 INFO  Utils:112 - [Utils] MethodGroupsHelper.sortMethods() took 0 ms.
2026-02-06 11:42:53 INFO  Utils:112 - [TestNG] Running:
  C:\IdeaProjects\Major Project\28-01-2026\Project_Courses\TestNg.xml

2026-02-06 11:42:59 INFO  TC04_searchWebDevelopmentCourseTest:67 - Extent report initialized.
2026-02-06 11:43:00 INFO  Utils:112 - [Utils] DynamicGraphHelper.createDynamicGraph() took 14 ms.
2026-02-06 11:43:00 INFO  TC04_searchWebDevelopmentCourseTest:18 - ******Starting TC04_searchWebDevelopmentCourseTest******
2026-02-06 11:43:00 INFO  TC04_searchWebDevelopmentCourseTest:21 - Entering Web Development in search box
2026-02-06 11:43:01 INFO  TC04_searchWebDevelopmentCourseTest:23 - Clicking on search button
2026-02-06 11:43:42 INFO  TC04_searchWebDevelopmentCourseTest:27 - ******Ending TC04_searchWebDevelopmentCourseTest******
2026-02-06 11:43:42 INFO  TC04_searchWebDevelopmentCourseTest:11 - ******Starting TC10_FilteringCoursesTest******
2026-02-06 11:43:43 INFO  TC04_searchWebDevelopmentCourseTest:13 - Applying English language filter
2026-02-06 11:43:44 INFO  TC04_searchWebDevelopmentCourseTest:17 - Applying Beginner level filter
2026-02-06 11:43:45 INFO  TC04_searchWebDevelopmentCourseTest:20 - Displaying first two courses after applying filters:
2026-02-06 11:43:52 INFO  TC04_searchWebDevelopmentCourseTest:28 - ******Ending TC10_FilteringCoursesTest******
2026-02-06 11:43:53 INFO  TC04_searchWebDevelopmentCourseTest:12 - ******Starting TC16_FilteringCoursesAndWritingCountInExcel******
2026-02-06 11:43:53 INFO  TC04_searchWebDevelopmentCourseTest:14 - Writing language options and their course counts to Excel file
2026-02-06 11:44:10 INFO  TC04_searchWebDevelopmentCourseTest:17 - ******Ending TC16_FilteringCoursesAndWritingCountInExcel******
2026-02-06 11:44:10 INFO  TC04_searchWebDevelopmentCourseTest:13 - ******Starting TC34_submitingEnterpriseWithInvalidMail******
2026-02-06 11:44:10 INFO  TC04_searchWebDevelopmentCourseTest:16 - Filling For Enterprise form with invalid email
2026-02-06 11:44:29 INFO  TC04_searchWebDevelopmentCourseTest:22 - Verifying page title
2026-02-06 11:44:29 INFO  TC04_searchWebDevelopmentCourseTest:24 - Entering First Name
2026-02-06 11:44:29 INFO  TC04_searchWebDevelopmentCourseTest:26 - Entering Last Name
2026-02-06 11:44:30 INFO  TC04_searchWebDevelopmentCourseTest:28 - Entering Invalid Email
2026-02-06 11:44:30 INFO  TC04_searchWebDevelopmentCourseTest:30 - Entering Phone Number
2026-02-06 11:44:30 INFO  TC04_searchWebDevelopmentCourseTest:32 - Selecting Institution Type
2026-02-06 11:44:30 INFO  TC04_searchWebDevelopmentCourseTest:34 - Entering Institution Name
2026-02-06 11:44:31 INFO  TC04_searchWebDevelopmentCourseTest:36 - Selecting Job Title
2026-02-06 11:44:31 INFO  TC04_searchWebDevelopmentCourseTest:38 - Selecting Department
2026-02-06 11:44:31 INFO  TC04_searchWebDevelopmentCourseTest:40 - Selecting Description
2026-02-06 11:44:32 INFO  TC04_searchWebDevelopmentCourseTest:42 - Selecting Country
2026-02-06 11:44:32 INFO  TC04_searchWebDevelopmentCourseTest:44 - Selecting State
2026-02-06 11:44:33 INFO  TC04_searchWebDevelopmentCourseTest:46 - Submitting the form
2026-02-06 11:44:33 INFO  TC04_searchWebDevelopmentCourseTest:48 - Verifying error message for invalid email
2026-02-06 11:44:33 INFO  TC04_searchWebDevelopmentCourseTest:50 - Taking screenshot of the error message
2026-02-06 11:44:33 INFO  TC04_searchWebDevelopmentCourseTest:52 - ******Ending TC34_submitingEnterpriseWithInvalidMail******
2026-02-06 11:44:47 INFO  Utils:112 - [TestNG] Time taken by org.testng.internal.ExitCodeListener@16c9e378: 2 ms
2026-02-06 11:57:26 INFO  Utils:112 - [Utils] MethodGroupsHelper.collectMethodsByGroup() took 12 ms.
2026-02-06 11:57:26 INFO  Utils:112 - [Utils] MethodGroupsHelper.sortMethods() took 0 ms.
2026-02-06 11:57:26 INFO  Utils:112 - [Utils] MethodGroupsHelper.collectMethodsByGroup() took 0 ms.
2026-02-06 11:57:26 INFO  Utils:112 - [Utils] MethodGroupsHelper.sortMethods() took 0 ms.
2026-02-06 11:57:26 INFO  Utils:112 - [Utils] MethodGroupsHelper.collectMethodsByGroup() took 0 ms.
2026-02-06 11:57:26 INFO  Utils:112 - [Utils] MethodGroupsHelper.sortMethods() took 0 ms.
2026-02-06 11:57:26 INFO  Utils:112 - [Utils] MethodGroupsHelper.collectMethodsByGroup() took 0 ms.
2026-02-06 11:57:26 INFO  Utils:112 - [Utils] MethodGroupsHelper.sortMethods() took 0 ms.
2026-02-06 11:57:26 INFO  Utils:112 - [Utils] MethodGroupsHelper.collectMethodsByGroup() took 0 ms.
2026-02-06 11:57:26 INFO  Utils:112 - [Utils] MethodGroupsHelper.sortMethods() took 0 ms.
2026-02-06 11:57:26 INFO  Utils:112 - [Utils] MethodGroupsHelper.collectMethodsByGroup() took 0 ms.
2026-02-06 11:57:26 INFO  Utils:112 - [Utils] MethodGroupsHelper.sortMethods() took 0 ms.
2026-02-06 11:57:26 INFO  Utils:112 - [Utils] MethodGroupsHelper.collectMethodsByGroup() took 0 ms.
2026-02-06 11:57:26 INFO  Utils:112 - [Utils] MethodGroupsHelper.sortMethods() took 0 ms.
2026-02-06 11:57:26 INFO  Utils:112 - [Utils] MethodGroupsHelper.collectMethodsByGroup() took 0 ms.
2026-02-06 11:57:26 INFO  Utils:112 - [Utils] MethodGroupsHelper.sortMethods() took 0 ms.
2026-02-06 11:57:26 INFO  Utils:112 - [Utils] MethodGroupsHelper.collectMethodsByGroup() took 0 ms.
2026-02-06 11:57:26 INFO  Utils:112 - [Utils] MethodGroupsHelper.sortMethods() took 0 ms.
2026-02-06 11:57:26 INFO  Utils:112 - [Utils] MethodGroupsHelper.collectMethodsByGroup() took 0 ms.
2026-02-06 11:57:26 INFO  Utils:112 - [Utils] MethodGroupsHelper.sortMethods() took 0 ms.
2026-02-06 11:57:26 INFO  Utils:112 - [Utils] MethodGroupsHelper.collectMethodsByGroup() took 0 ms.
2026-02-06 11:57:26 INFO  Utils:112 - [Utils] MethodGroupsHelper.sortMethods() took 0 ms.
2026-02-06 11:57:26 INFO  Utils:112 - [Utils] MethodGroupsHelper.collectMethodsByGroup() took 0 ms.
2026-02-06 11:57:26 INFO  Utils:112 - [Utils] MethodGroupsHelper.sortMethods() took 0 ms.
2026-02-06 11:57:26 INFO  Utils:112 - [Utils] MethodGroupsHelper.collectMethodsByGroup() took 0 ms.
2026-02-06 11:57:26 INFO  Utils:112 - [Utils] MethodGroupsHelper.sortMethods() took 0 ms.
2026-02-06 11:57:26 INFO  Utils:112 - [Utils] MethodGroupsHelper.collectMethodsByGroup() took 0 ms.
2026-02-06 11:57:26 INFO  Utils:112 - [Utils] MethodGroupsHelper.sortMethods() took 0 ms.
2026-02-06 11:57:26 INFO  Utils:112 - [Utils] MethodGroupsHelper.collectMethodsByGroup() took 0 ms.
2026-02-06 11:57:26 INFO  Utils:112 - [Utils] MethodGroupsHelper.sortMethods() took 0 ms.
2026-02-06 11:57:26 INFO  Utils:112 - [Utils] MethodGroupsHelper.collectMethodsByGroup() took 0 ms.
2026-02-06 11:57:26 INFO  Utils:112 - [Utils] MethodGroupsHelper.sortMethods() took 0 ms.
2026-02-06 11:57:26 INFO  Utils:112 - [Utils] MethodGroupsHelper.collectMethodsByGroup() took 0 ms.
2026-02-06 11:57:26 INFO  Utils:112 - [Utils] MethodGroupsHelper.sortMethods() took 0 ms.
2026-02-06 11:57:26 INFO  Utils:112 - [Utils] MethodGroupsHelper.collectMethodsByGroup() took 0 ms.
2026-02-06 11:57:26 INFO  Utils:112 - [Utils] MethodGroupsHelper.sortMethods() took 0 ms.
2026-02-06 11:57:26 INFO  Utils:112 - [Utils] MethodGroupsHelper.collectMethodsByGroup() took 0 ms.
2026-02-06 11:57:26 INFO  Utils:112 - [Utils] MethodGroupsHelper.sortMethods() took 0 ms.
2026-02-06 11:57:26 INFO  Utils:112 - [Utils] MethodGroupsHelper.collectMethodsByGroup() took 0 ms.
2026-02-06 11:57:26 INFO  Utils:112 - [Utils] MethodGroupsHelper.sortMethods() took 0 ms.
2026-02-06 11:57:26 INFO  Utils:112 - [Utils] MethodGroupsHelper.collectMethodsByGroup() took 0 ms.
2026-02-06 11:57:26 INFO  Utils:112 - [Utils] MethodGroupsHelper.sortMethods() took 0 ms.
2026-02-06 11:57:26 INFO  Utils:112 - [Utils] MethodGroupsHelper.collectMethodsByGroup() took 0 ms.
2026-02-06 11:57:26 INFO  Utils:112 - [Utils] MethodGroupsHelper.sortMethods() took 0 ms.
2026-02-06 11:57:26 INFO  Utils:112 - [Utils] MethodGroupsHelper.collectMethodsByGroup() took 0 ms.
2026-02-06 11:57:26 INFO  Utils:112 - [Utils] MethodGroupsHelper.sortMethods() took 0 ms.
2026-02-06 11:57:26 INFO  Utils:112 - [Utils] MethodGroupsHelper.collectMethodsByGroup() took 0 ms.
2026-02-06 11:57:26 INFO  Utils:112 - [Utils] MethodGroupsHelper.sortMethods() took 0 ms.
2026-02-06 11:57:26 INFO  Utils:112 - [Utils] MethodGroupsHelper.collectMethodsByGroup() took 0 ms.
2026-02-06 11:57:26 INFO  Utils:112 - [Utils] MethodGroupsHelper.sortMethods() took 0 ms.
2026-02-06 11:57:26 INFO  Utils:112 - [Utils] MethodGroupsHelper.collectMethodsByGroup() took 0 ms.
2026-02-06 11:57:26 INFO  Utils:112 - [Utils] MethodGroupsHelper.sortMethods() took 0 ms.
2026-02-06 11:57:26 INFO  Utils:112 - [Utils] MethodGroupsHelper.collectMethodsByGroup() took 0 ms.
2026-02-06 11:57:26 INFO  Utils:112 - [Utils] MethodGroupsHelper.sortMethods() took 0 ms.
2026-02-06 11:57:26 INFO  Utils:112 - [Utils] MethodGroupsHelper.collectMethodsByGroup() took 0 ms.
2026-02-06 11:57:26 INFO  Utils:112 - [Utils] MethodGroupsHelper.sortMethods() took 0 ms.
2026-02-06 11:57:26 INFO  Utils:112 - [Utils] MethodGroupsHelper.collectMethodsByGroup() took 0 ms.
2026-02-06 11:57:26 INFO  Utils:112 - [Utils] MethodGroupsHelper.sortMethods() took 0 ms.
2026-02-06 11:57:26 INFO  Utils:112 - [Utils] MethodGroupsHelper.collectMethodsByGroup() took 0 ms.
2026-02-06 11:57:26 INFO  Utils:112 - [Utils] MethodGroupsHelper.sortMethods() took 0 ms.
2026-02-06 11:57:26 INFO  Utils:112 - [Utils] MethodGroupsHelper.collectMethodsByGroup() took 0 ms.
2026-02-06 11:57:26 INFO  Utils:112 - [Utils] MethodGroupsHelper.sortMethods() took 0 ms.
2026-02-06 11:57:26 INFO  Utils:112 - [Utils] MethodGroupsHelper.collectMethodsByGroup() took 0 ms.
2026-02-06 11:57:26 INFO  Utils:112 - [Utils] MethodGroupsHelper.sortMethods() took 0 ms.
2026-02-06 11:57:26 INFO  Utils:112 - [Utils] MethodGroupsHelper.collectMethodsByGroup() took 0 ms.
2026-02-06 11:57:26 INFO  Utils:112 - [Utils] MethodGroupsHelper.sortMethods() took 0 ms.
2026-02-06 11:57:26 INFO  Utils:112 - [Utils] MethodGroupsHelper.collectMethodsByGroup() took 0 ms.
2026-02-06 11:57:26 INFO  Utils:112 - [Utils] MethodGroupsHelper.sortMethods() took 0 ms.
2026-02-06 11:57:26 INFO  Utils:112 - [Utils] MethodGroupsHelper.collectMethodsByGroup() took 0 ms.
2026-02-06 11:57:26 INFO  Utils:112 - [Utils] MethodGroupsHelper.sortMethods() took 0 ms.
2026-02-06 11:57:26 INFO  Utils:112 - [Utils] MethodGroupsHelper.collectMethodsByGroup() took 0 ms.
2026-02-06 11:57:26 INFO  Utils:112 - [Utils] MethodGroupsHelper.sortMethods() took 0 ms.
2026-02-06 11:57:26 INFO  Utils:112 - [Utils] MethodGroupsHelper.collectMethodsByGroup() took 0 ms.
2026-02-06 11:57:26 INFO  Utils:112 - [Utils] MethodGroupsHelper.sortMethods() took 0 ms.
2026-02-06 11:57:26 INFO  Utils:112 - [Utils] MethodGroupsHelper.collectMethodsByGroup() took 0 ms.
2026-02-06 11:57:26 INFO  Utils:112 - [Utils] MethodGroupsHelper.sortMethods() took 0 ms.
2026-02-06 11:57:26 INFO  Utils:112 - [Utils] MethodGroupsHelper.collectMethodsByGroup() took 0 ms.
2026-02-06 11:57:26 INFO  Utils:112 - [Utils] MethodGroupsHelper.sortMethods() took 0 ms.
2026-02-06 11:57:26 INFO  Utils:112 - [Utils] MethodGroupsHelper.collectMethodsByGroup() took 0 ms.
2026-02-06 11:57:26 INFO  Utils:112 - [Utils] MethodGroupsHelper.sortMethods() took 0 ms.
2026-02-06 11:57:26 INFO  Utils:112 - [Utils] MethodGroupsHelper.collectMethodsByGroup() took 0 ms.
2026-02-06 11:57:26 INFO  Utils:112 - [Utils] MethodGroupsHelper.sortMethods() took 0 ms.
2026-02-06 11:57:26 INFO  Utils:112 - [Utils] MethodGroupsHelper.collectMethodsByGroup() took 0 ms.
2026-02-06 11:57:26 INFO  Utils:112 - [Utils] MethodGroupsHelper.sortMethods() took 0 ms.
2026-02-06 11:57:26 INFO  Utils:112 - [Utils] MethodGroupsHelper.collectMethodsByGroup() took 0 ms.
2026-02-06 11:57:26 INFO  Utils:112 - [Utils] MethodGroupsHelper.sortMethods() took 0 ms.
2026-02-06 11:57:26 INFO  Utils:112 - [Utils] MethodGroupsHelper.collectMethodsByGroup() took 0 ms.
2026-02-06 11:57:26 INFO  Utils:112 - [Utils] MethodGroupsHelper.sortMethods() took 0 ms.
2026-02-06 11:57:26 INFO  Utils:112 - [Utils] MethodGroupsHelper.collectMethodsByGroup() took 0 ms.
2026-02-06 11:57:26 INFO  Utils:112 - [Utils] MethodGroupsHelper.sortMethods() took 0 ms.
2026-02-06 11:57:26 INFO  Utils:112 - [TestNG] Running:
  C:\IdeaProjects\Major Project\28-01-2026\Project_Courses\TestNg.xml

2026-02-06 11:57:40 INFO  TC04_searchWebDevelopmentCourseTest:67 - Extent report initialized.
2026-02-06 11:57:40 INFO  Utils:112 - [Utils] DynamicGraphHelper.createDynamicGraph() took 13 ms.
2026-02-06 11:57:40 INFO  TC04_searchWebDevelopmentCourseTest:18 - ******Starting TC04_searchWebDevelopmentCourseTest******
2026-02-06 11:57:41 INFO  TC04_searchWebDevelopmentCourseTest:21 - Entering Web Development in search box
2026-02-06 11:57:41 INFO  TC04_searchWebDevelopmentCourseTest:23 - Clicking on search button
2026-02-06 11:57:46 INFO  TC04_searchWebDevelopmentCourseTest:26 - ******Ending TC04_searchWebDevelopmentCourseTest******
2026-02-06 11:57:46 INFO  TC04_searchWebDevelopmentCourseTest:11 - ******Starting TC10_FilteringCoursesTest******
2026-02-06 11:57:47 INFO  TC04_searchWebDevelopmentCourseTest:13 - Applying English language filter
2026-02-06 11:57:48 INFO  TC04_searchWebDevelopmentCourseTest:17 - Applying Beginner level filter
2026-02-06 11:57:49 INFO  TC04_searchWebDevelopmentCourseTest:20 - Displaying first two courses after applying filters:
2026-02-06 11:57:55 INFO  TC04_searchWebDevelopmentCourseTest:28 - ******Ending TC10_FilteringCoursesTest******
2026-02-06 11:57:55 INFO  TC04_searchWebDevelopmentCourseTest:12 - ******Starting TC16_FilteringCoursesAndWritingCountInExcel******
2026-02-06 11:57:55 INFO  TC04_searchWebDevelopmentCourseTest:14 - Writing language options and their course counts to Excel file
2026-02-06 11:58:13 INFO  TC04_searchWebDevelopmentCourseTest:17 - ******Ending TC16_FilteringCoursesAndWritingCountInExcel******
2026-02-06 11:58:13 INFO  TC04_searchWebDevelopmentCourseTest:13 - ******Starting TC34_submitingEnterpriseWithInvalidMail******
2026-02-06 11:58:13 INFO  TC04_searchWebDevelopmentCourseTest:16 - Filling For Enterprise form with invalid email
2026-02-06 11:58:35 INFO  TC04_searchWebDevelopmentCourseTest:22 - Verifying page title
2026-02-06 11:58:35 INFO  TC04_searchWebDevelopmentCourseTest:24 - Entering First Name
2026-02-06 11:58:36 INFO  TC04_searchWebDevelopmentCourseTest:26 - Entering Last Name
2026-02-06 11:58:36 INFO  TC04_searchWebDevelopmentCourseTest:28 - Entering Invalid Email
2026-02-06 11:58:37 INFO  TC04_searchWebDevelopmentCourseTest:30 - Entering Phone Number
2026-02-06 11:58:37 INFO  TC04_searchWebDevelopmentCourseTest:32 - Selecting Institution Type
2026-02-06 11:58:38 INFO  TC04_searchWebDevelopmentCourseTest:34 - Entering Institution Name
2026-02-06 11:58:38 INFO  TC04_searchWebDevelopmentCourseTest:36 - Selecting Job Title
2026-02-06 11:58:38 INFO  TC04_searchWebDevelopmentCourseTest:38 - Selecting Department
2026-02-06 11:58:39 INFO  TC04_searchWebDevelopmentCourseTest:40 - Selecting Description
2026-02-06 11:58:40 INFO  TC04_searchWebDevelopmentCourseTest:42 - Selecting Country
2026-02-06 11:58:40 INFO  TC04_searchWebDevelopmentCourseTest:44 - Selecting State
2026-02-06 11:58:41 INFO  TC04_searchWebDevelopmentCourseTest:46 - Submitting the form
2026-02-06 11:58:42 INFO  TC04_searchWebDevelopmentCourseTest:48 - Verifying error message for invalid email
2026-02-06 11:58:42 INFO  TC04_searchWebDevelopmentCourseTest:50 - Taking screenshot of the error message
2026-02-06 11:58:43 INFO  TC04_searchWebDevelopmentCourseTest:52 - ******Ending TC34_submitingEnterpriseWithInvalidMail******
2026-02-06 11:58:58 INFO  Utils:112 - [TestNG] Time taken by org.testng.internal.ExitCodeListener@39f8adc0: 0 ms
